<?xml version="1.0" encoding="UTF-8"?>
<!-- Generated by org.testng.reporters.JUnitXMLReporter -->
<testsuite hostname="JBEES-US" name="OBI_SanityTest" tests="95" failures="13" timestamp="8 Mar 2018 19:53:48 GMT" time="970.423" errors="0">
  <testcase name="Unifier_BusinessProcess_Portfolio" time="5.288" classname="com.oracle.pgbu.selenium.obi.Unifier_TC001_BusinessProcess"/>
  <testcase name="Unifier_BusinessProcess_CostCode" time="4.156" classname="com.oracle.pgbu.selenium.obi.Unifier_TC001_BusinessProcess"/>
  <testcase name="Unifier_BusinessProcess_CBS" time="3.214" classname="com.oracle.pgbu.selenium.obi.Unifier_TC001_BusinessProcess"/>
  <testcase name="Unifier_BusinessProcess_ProjectHierarchy" time="3.002" classname="com.oracle.pgbu.selenium.obi.Unifier_TC001_BusinessProcess"/>
  <testcase name="Unifier_BusinessProcess_Project" time="3.856" classname="com.oracle.pgbu.selenium.obi.Unifier_TC001_BusinessProcess"/>
  <testcase name="Unifier_BusinessProcess_BusinessProcess" time="4.436" classname="com.oracle.pgbu.selenium.obi.Unifier_TC001_BusinessProcess"/>
  <testcase name="Unifier_BusinessProcess_BusinessProcessLineItem" time="4.264" classname="com.oracle.pgbu.selenium.obi.Unifier_TC001_BusinessProcess"/>
  <testcase name="Unifier_BusinessProcess_UnifierLinks" time="4.052" classname="com.oracle.pgbu.selenium.obi.Unifier_TC001_BusinessProcess"/>
  <testcase name="Unifier_BusinessProcess_Dimensions" time="30.455" classname="com.oracle.pgbu.selenium.obi.Unifier_TC001_BusinessProcess"/>
  <testcase name="Unifier_BusinessProcessHistory_Time" time="7.007" classname="com.oracle.pgbu.selenium.obi.Unifier_TC002_BusinessProcessHistory">
    <failure type="java.lang.AssertionError" message="The following asserts failed:
Could not find grandchild of Calendar
Day Of Month
Day Of Week
Day Of Year
Day Name
Calendar Half
Calendar Month
Calendar Quarter
Calendar Week
Calendar Date
Calendar Year
Short Day Name
Day Date
Financial Period
Week Name
Month Name
Quarter Name
Half Name
Year Name
Date Hierarchy, could not find child of Calendar
Day Of Month
Day Of Week
Day Of Year
Day Name
Calendar Half
Calendar Month
Calendar Quarter
Calendar Week
Calendar Date
Calendar Year
Short Day Name
Day Date
Financial Period
Week Name
Month Name
Quarter Name
Half Name
Year Name
Date Hierarchy, Data missing for Time">
      <![CDATA[java.lang.AssertionError: The following asserts failed:
Could not find grandchild of Calendar
Day Of Month
Day Of Week
Day Of Year
Day Name
Calendar Half
Calendar Month
Calendar Quarter
Calendar Week
Calendar Date
Calendar Year
Short Day Name
Day Date
Financial Period
Week Name
Month Name
Quarter Name
Half Name
Year Name
Date Hierarchy, could not find child of Calendar
Day Of Month
Day Of Week
Day Of Year
Day Name
Calendar Half
Calendar Month
Calendar Quarter
Calendar Week
Calendar Date
Calendar Year
Short Day Name
Day Date
Financial Period
Week Name
Month Name
Quarter Name
Half Name
Year Name
Date Hierarchy, Data missing for Time
	at com.oracle.pgbu.selenium.obi.Unifier_TC002_BusinessProcessHistory.Unifier_BusinessProcessHistory_Time(Unifier_TC002_BusinessProcessHistory.java:79)
... Removed 25 stack frames]]>
    </failure>
  </testcase> <!-- Unifier_BusinessProcessHistory_Time -->
  <testcase name="Unifier_BusinessProcessHistory_Portfolio" time="4.451" classname="com.oracle.pgbu.selenium.obi.Unifier_TC002_BusinessProcessHistory">
    <failure type="java.lang.AssertionError" message="The following asserts failed:
Data missing for Portfolio">
      <![CDATA[java.lang.AssertionError: The following asserts failed:
Data missing for Portfolio
	at com.oracle.pgbu.selenium.obi.Unifier_TC002_BusinessProcessHistory.Unifier_BusinessProcessHistory_Portfolio(Unifier_TC002_BusinessProcessHistory.java:98)
... Removed 25 stack frames]]>
    </failure>
  </testcase> <!-- Unifier_BusinessProcessHistory_Portfolio -->
  <testcase name="Unifier_BusinessProcessHistory_CostCode" time="4.412" classname="com.oracle.pgbu.selenium.obi.Unifier_TC002_BusinessProcessHistory">
    <failure type="java.lang.AssertionError" message="The following asserts failed:
Data missing for Cost Code">
      <![CDATA[java.lang.AssertionError: The following asserts failed:
Data missing for Cost Code
	at com.oracle.pgbu.selenium.obi.Unifier_TC002_BusinessProcessHistory.Unifier_BusinessProcessHistory_CostCode(Unifier_TC002_BusinessProcessHistory.java:117)
... Removed 25 stack frames]]>
    </failure>
  </testcase> <!-- Unifier_BusinessProcessHistory_CostCode -->
  <testcase name="Unifier_BusinessProcessHistory_CBS" time="12.505" classname="com.oracle.pgbu.selenium.obi.Unifier_TC002_BusinessProcessHistory">
    <failure type="java.lang.AssertionError" message="The following asserts failed:
Could not find grandchild of Hierarchy - (CBS), could not find child of Hierarchy - (CBS)">
      <![CDATA[java.lang.AssertionError: The following asserts failed:
Could not find grandchild of Hierarchy - (CBS), could not find child of Hierarchy - (CBS)
	at com.oracle.pgbu.selenium.obi.Unifier_TC002_BusinessProcessHistory.Unifier_BusinessProcessHistory_CBS(Unifier_TC002_BusinessProcessHistory.java:136)
... Removed 25 stack frames]]>
    </failure>
  </testcase> <!-- Unifier_BusinessProcessHistory_CBS -->
  <testcase name="Unifier_BusinessProcessHistory_ProjectHierarchy" time="4.585" classname="com.oracle.pgbu.selenium.obi.Unifier_TC002_BusinessProcessHistory">
    <failure type="java.lang.AssertionError" message="The following asserts failed:
Data missing for Project Hierarchy">
      <![CDATA[java.lang.AssertionError: The following asserts failed:
Data missing for Project Hierarchy
	at com.oracle.pgbu.selenium.obi.Unifier_TC002_BusinessProcessHistory.Unifier_BusinessProcessHistory_ProjectHierarchy(Unifier_TC002_BusinessProcessHistory.java:155)
... Removed 25 stack frames]]>
    </failure>
  </testcase> <!-- Unifier_BusinessProcessHistory_ProjectHierarchy -->
  <testcase name="Unifier_BusinessProcessHistory_Project" time="7.049" classname="com.oracle.pgbu.selenium.obi.Unifier_TC002_BusinessProcessHistory"/>
  <testcase name="Unifier_BusinessProcessHistory_BusinessProcess" time="5.961" classname="com.oracle.pgbu.selenium.obi.Unifier_TC002_BusinessProcessHistory"/>
  <testcase name="Unifier_BusinessProcessHistory_BusinessProcessLineItem" time="7.161" classname="com.oracle.pgbu.selenium.obi.Unifier_TC002_BusinessProcessHistory"/>
  <testcase name="Unifier_BusinessProcessHistory_Dimensions" time="2.832" classname="com.oracle.pgbu.selenium.obi.Unifier_TC002_BusinessProcessHistory"/>
  <testcase name="Unifier_BusinessProcessHistory_UnifierLinks" time="4.837" classname="com.oracle.pgbu.selenium.obi.Unifier_TC002_BusinessProcessHistory"/>
  <testcase name="Unifier_CashFlow_Time" time="6.749" classname="com.oracle.pgbu.selenium.obi.Unifier_TC003_CashFlow"/>
  <testcase name="Unifier_CashFlow_Portfolio" time="3.435" classname="com.oracle.pgbu.selenium.obi.Unifier_TC003_CashFlow"/>
  <testcase name="Unifier_CashFlow_CBS" time="5.39" classname="com.oracle.pgbu.selenium.obi.Unifier_TC003_CashFlow"/>
  <testcase name="Unifier_CashFlow_ProjectHierarchy" time="4.293" classname="com.oracle.pgbu.selenium.obi.Unifier_TC003_CashFlow"/>
  <testcase name="Unifier_CashFlow_Project" time="5.893" classname="com.oracle.pgbu.selenium.obi.Unifier_TC003_CashFlow"/>
  <testcase name="Unifier_CashFlow_CashFlow" time="3.83" classname="com.oracle.pgbu.selenium.obi.Unifier_TC003_CashFlow"/>
  <testcase name="Unifier_CashFlow_UnifierLinks" time="4.88" classname="com.oracle.pgbu.selenium.obi.Unifier_TC003_CashFlow"/>
  <testcase name="Unifier_CashFlow_Dimensions" time="25.527" classname="com.oracle.pgbu.selenium.obi.Unifier_TC003_CashFlow">
    <failure type="java.lang.AssertionError" message="The following asserts failed:
Data missing for combination Time and Project Portfolio">
      <![CDATA[java.lang.AssertionError: The following asserts failed:
Data missing for combination Time and Project Portfolio
	at com.oracle.pgbu.selenium.obi.Unifier_TC003_CashFlow.Unifier_CashFlow_Dimensions(Unifier_TC003_CashFlow.java:218)
... Removed 25 stack frames]]>
    </failure>
  </testcase> <!-- Unifier_CashFlow_Dimensions -->
  <testcase name="Unifier_CashFlowHistory_Time" time="5.184" classname="com.oracle.pgbu.selenium.obi.Unifier_TC004_CashFlowHistory"/>
  <testcase name="Unifier_CashFlowHistory_Portfolio" time="2.687" classname="com.oracle.pgbu.selenium.obi.Unifier_TC004_CashFlowHistory"/>
  <testcase name="Unifier_CashFlowHistory_CBS" time="3.288" classname="com.oracle.pgbu.selenium.obi.Unifier_TC004_CashFlowHistory"/>
  <testcase name="Unifier_CashFlowHistory_ProjectHierarchy" time="3.224" classname="com.oracle.pgbu.selenium.obi.Unifier_TC004_CashFlowHistory"/>
  <testcase name="Unifier_CashFlowHistory_Project" time="3.58" classname="com.oracle.pgbu.selenium.obi.Unifier_TC004_CashFlowHistory"/>
  <testcase name="Unifier_CashFlowHistory_CashFlow" time="3.277" classname="com.oracle.pgbu.selenium.obi.Unifier_TC004_CashFlowHistory"/>
  <testcase name="Unifier_CashFlowHistory_UnifierLinks" time="3.507" classname="com.oracle.pgbu.selenium.obi.Unifier_TC004_CashFlowHistory"/>
  <testcase name="Unifier_CashFlowHistory_Dimensions" time="24.684" classname="com.oracle.pgbu.selenium.obi.Unifier_TC004_CashFlowHistory">
    <failure type="java.lang.AssertionError" message="The following asserts failed:
Data missing for combination Time and Project Portfolio">
      <![CDATA[java.lang.AssertionError: The following asserts failed:
Data missing for combination Time and Project Portfolio
	at com.oracle.pgbu.selenium.obi.Unifier_TC004_CashFlowHistory.Unifier_CashFlowHistory_Dimensions(Unifier_TC004_CashFlowHistory.java:218)
... Removed 25 stack frames]]>
    </failure>
  </testcase> <!-- Unifier_CashFlowHistory_Dimensions -->
  <testcase name="Unifier_CostSheet_Portfolio" time="4.239" classname="com.oracle.pgbu.selenium.obi.Unifier_TC005_CostSheet"/>
  <testcase name="Unifier_CostSheet_CBS" time="3.371" classname="com.oracle.pgbu.selenium.obi.Unifier_TC005_CostSheet"/>
  <testcase name="Unifier_CostSheet_ProjectHierarchy" time="2.868" classname="com.oracle.pgbu.selenium.obi.Unifier_TC005_CostSheet"/>
  <testcase name="Unifier_CostSheet_Project" time="3.541" classname="com.oracle.pgbu.selenium.obi.Unifier_TC005_CostSheet"/>
  <testcase name="Unifier_CostSheet_UnifierLinks" time="3.418" classname="com.oracle.pgbu.selenium.obi.Unifier_TC005_CostSheet"/>
  <testcase name="Unifier_CostSheet_Dimensions" time="17.988" classname="com.oracle.pgbu.selenium.obi.Unifier_TC005_CostSheet"/>
  <testcase name="Unifier_CostSheetHistory_Time" time="5.727" classname="com.oracle.pgbu.selenium.obi.Unifier_TC006_CostSheetHistory"/>
  <testcase name="Unifier_CostSheetHistory_Portfolio" time="2.615" classname="com.oracle.pgbu.selenium.obi.Unifier_TC006_CostSheetHistory"/>
  <testcase name="Unifier_CostSheetHistory_CBS" time="3.241" classname="com.oracle.pgbu.selenium.obi.Unifier_TC006_CostSheetHistory"/>
  <testcase name="Unifier_CostSheetHistory_ProjectHierarchy" time="3.248" classname="com.oracle.pgbu.selenium.obi.Unifier_TC006_CostSheetHistory"/>
  <testcase name="Unifier_CostSheetHistory_Project" time="4.257" classname="com.oracle.pgbu.selenium.obi.Unifier_TC006_CostSheetHistory"/>
  <testcase name="Unifier_CostSheetHistory_UnifierLinks" time="3.561" classname="com.oracle.pgbu.selenium.obi.Unifier_TC006_CostSheetHistory"/>
  <testcase name="Unifier_CostSheetHistory_Dimensions" time="21.753" classname="com.oracle.pgbu.selenium.obi.Unifier_TC006_CostSheetHistory"/>
  <testcase name="Unifier_GenericCostSheet_Time" time="6.978" classname="com.oracle.pgbu.selenium.obi.Unifier_TC007_GenericCostSheet"/>
  <testcase name="Unifier_GenericCostSheet_Portfolio" time="3.874" classname="com.oracle.pgbu.selenium.obi.Unifier_TC007_GenericCostSheet"/>
  <testcase name="Unifier_GenericCostSheet_CostCode" time="5.742" classname="com.oracle.pgbu.selenium.obi.Unifier_TC007_GenericCostSheet"/>
  <testcase name="Unifier_GenericCostSheet_ProjectHierarchy" time="4.227" classname="com.oracle.pgbu.selenium.obi.Unifier_TC007_GenericCostSheet"/>
  <testcase name="Unifier_GenericCostSheet_CostManagerSheet" time="5.254" classname="com.oracle.pgbu.selenium.obi.Unifier_TC007_GenericCostSheet">
    <failure type="java.lang.AssertionError" message="The following asserts failed:
Data missing for Cost Manager Sheet">
      <![CDATA[java.lang.AssertionError: The following asserts failed:
Data missing for Cost Manager Sheet
	at com.oracle.pgbu.selenium.obi.Unifier_TC007_GenericCostSheet.Unifier_GenericCostSheet_CostManagerSheet(Unifier_TC007_GenericCostSheet.java:154)
... Removed 25 stack frames]]>
    </failure>
  </testcase> <!-- Unifier_GenericCostSheet_CostManagerSheet -->
  <testcase name="Unifier_GenericCostSheet_Project" time="6.156" classname="com.oracle.pgbu.selenium.obi.Unifier_TC007_GenericCostSheet"/>
  <testcase name="Unifier_GenericCostSheet_Dimensions" time="20.241" classname="com.oracle.pgbu.selenium.obi.Unifier_TC007_GenericCostSheet">
    <failure type="java.lang.AssertionError" message="The following asserts failed:
Data missing for combination Time and Project Portfolio, Data missing for combination Cost Code and Cost Manager Sheet, Data missing for combination Project Hierarchy and Project">
      <![CDATA[java.lang.AssertionError: The following asserts failed:
Data missing for combination Time and Project Portfolio, Data missing for combination Cost Code and Cost Manager Sheet, Data missing for combination Project Hierarchy and Project
	at com.oracle.pgbu.selenium.obi.Unifier_TC007_GenericCostSheet.Unifier_GenericCostSheet_Dimensions(Unifier_TC007_GenericCostSheet.java:202)
... Removed 25 stack frames]]>
    </failure>
  </testcase> <!-- Unifier_GenericCostSheet_Dimensions -->
  <testcase name="Unifier_ProjectUDF_EPS" time="5.317" classname="com.oracle.pgbu.selenium.obi.Unifier_TC008_ProjectUDF"/>
  <testcase name="Unifier_ProjectUDF_Portfolio" time="2.938" classname="com.oracle.pgbu.selenium.obi.Unifier_TC008_ProjectUDF"/>
  <testcase name="Unifier_ProjectUDF_Project" time="3.612" classname="com.oracle.pgbu.selenium.obi.Unifier_TC008_ProjectUDF"/>
  <testcase name="Unifier_ProjectUDF_Dimensions" time="11.186" classname="com.oracle.pgbu.selenium.obi.Unifier_TC008_ProjectUDF">
    <failure type="java.lang.AssertionError" message="The following asserts failed:
Data missing for combination EPS and Project Portfolio">
      <![CDATA[java.lang.AssertionError: The following asserts failed:
Data missing for combination EPS and Project Portfolio
	at com.oracle.pgbu.selenium.obi.Unifier_TC008_ProjectUDF.Unifier_ProjectUDF_Dimensions(Unifier_TC008_ProjectUDF.java:150)
... Removed 25 stack frames]]>
    </failure>
  </testcase> <!-- Unifier_ProjectUDF_Dimensions -->
  <testcase name="Unifier_ProjectUDFHistory_Time" time="4.61" classname="com.oracle.pgbu.selenium.obi.Unifier_TC009_ProjectUDFHistory"/>
  <testcase name="Unifier_ProjectUDFHistory_EPS" time="2.847" classname="com.oracle.pgbu.selenium.obi.Unifier_TC009_ProjectUDFHistory"/>
  <testcase name="Unifier_ProjectUDFHistory_Portfolio" time="2.971" classname="com.oracle.pgbu.selenium.obi.Unifier_TC009_ProjectUDFHistory"/>
  <testcase name="Unifier_ProjectUDFHistory_Project" time="3.802" classname="com.oracle.pgbu.selenium.obi.Unifier_TC009_ProjectUDFHistory"/>
  <testcase name="Unifier_ProjectUDFHistory_Dimensions" time="12.217" classname="com.oracle.pgbu.selenium.obi.Unifier_TC009_ProjectUDFHistory"/>
  <testcase name="Unifier_ResourceCostSummary_Time" time="4.732" classname="com.oracle.pgbu.selenium.obi.Unifier_TC010_ResourceCostSummary"/>
  <testcase name="Unifier_ResourceCostSummary_Portfolio" time="3.049" classname="com.oracle.pgbu.selenium.obi.Unifier_TC010_ResourceCostSummary"/>
  <testcase name="Unifier_ResourceCostSummary_CBS" time="3.686" classname="com.oracle.pgbu.selenium.obi.Unifier_TC010_ResourceCostSummary"/>
  <testcase name="Unifier_ResourceCostSummary_ProjectHierarchy" time="3.122" classname="com.oracle.pgbu.selenium.obi.Unifier_TC010_ResourceCostSummary"/>
  <testcase name="Unifier_ResourceCostSummary_Project" time="4.104" classname="com.oracle.pgbu.selenium.obi.Unifier_TC010_ResourceCostSummary"/>
  <testcase name="Unifier_ResourceCostSummary_Resource" time="3.901" classname="com.oracle.pgbu.selenium.obi.Unifier_TC010_ResourceCostSummary"/>
  <testcase name="Unifier_ResourceCostSummary_ResourceCost" time="4.046" classname="com.oracle.pgbu.selenium.obi.Unifier_TC010_ResourceCostSummary"/>
  <testcase name="Unifier_ResourceCostSummary_UnifierLinks" time="3.936" classname="com.oracle.pgbu.selenium.obi.Unifier_TC010_ResourceCostSummary"/>
  <testcase name="Unifier_ResourceCostSummary_Dimensions" time="26.036" classname="com.oracle.pgbu.selenium.obi.Unifier_TC010_ResourceCostSummary">
    <failure type="java.lang.AssertionError" message="The following asserts failed:
Data missing for combination Time and Project Portfolio">
      <![CDATA[java.lang.AssertionError: The following asserts failed:
Data missing for combination Time and Project Portfolio
	at com.oracle.pgbu.selenium.obi.Unifier_TC010_ResourceCostSummary.Unifier_ResourceCostSummary_Dimensions(Unifier_TC010_ResourceCostSummary.java:246)
... Removed 25 stack frames]]>
    </failure>
  </testcase> <!-- Unifier_ResourceCostSummary_Dimensions -->
  <testcase name="Unifier_SpaceManagement_Portfolio" time="3.879" classname="com.oracle.pgbu.selenium.obi.Unifier_TC011_SpaceManagement"/>
  <testcase name="Unifier_SpaceManagement_ProjectHierarchy" time="2.603" classname="com.oracle.pgbu.selenium.obi.Unifier_TC011_SpaceManagement"/>
  <testcase name="Unifier_SpaceManagement_Project" time="3.03" classname="com.oracle.pgbu.selenium.obi.Unifier_TC011_SpaceManagement"/>
  <testcase name="Unifier_SpaceManagement_Level" time="2.979" classname="com.oracle.pgbu.selenium.obi.Unifier_TC011_SpaceManagement"/>
  <testcase name="Unifier_SpaceManagement_Space" time="3.266" classname="com.oracle.pgbu.selenium.obi.Unifier_TC011_SpaceManagement"/>
  <testcase name="Unifier_SpaceManagement_UnifierLinks" time="2.913" classname="com.oracle.pgbu.selenium.obi.Unifier_TC011_SpaceManagement"/>
  <testcase name="Unifier_SpaceManagement_Dimensions" time="18.474" classname="com.oracle.pgbu.selenium.obi.Unifier_TC011_SpaceManagement">
    <failure type="java.lang.AssertionError" message="The following asserts failed:
Data missing for combination Project Portfolio and Project Hierarchy, Data missing for combination Project and Level, Data missing for combination Space and Unifier Links">
      <![CDATA[java.lang.AssertionError: The following asserts failed:
Data missing for combination Project Portfolio and Project Hierarchy, Data missing for combination Project and Level, Data missing for combination Space and Unifier Links
	at com.oracle.pgbu.selenium.obi.Unifier_TC011_SpaceManagement.Unifier_SpaceManagement_Dimensions(Unifier_TC011_SpaceManagement.java:205)
... Removed 25 stack frames]]>
    </failure>
  </testcase> <!-- Unifier_SpaceManagement_Dimensions -->
  <testcase name="Unifier_SpaceManagementHistory_Time" time="4.449" classname="com.oracle.pgbu.selenium.obi.Unifier_TC012_SpaceManagementHistory"/>
  <testcase name="Unifier_SpaceManagementHistory_Portfolio" time="2.561" classname="com.oracle.pgbu.selenium.obi.Unifier_TC012_SpaceManagementHistory"/>
  <testcase name="Unifier_SpaceManagementHistory_ProjectHierarchy" time="2.841" classname="com.oracle.pgbu.selenium.obi.Unifier_TC012_SpaceManagementHistory"/>
  <testcase name="Unifier_SpaceManagementHistory_Project" time="3.37" classname="com.oracle.pgbu.selenium.obi.Unifier_TC012_SpaceManagementHistory"/>
  <testcase name="Unifier_SpaceManagementHistory_Level" time="3.413" classname="com.oracle.pgbu.selenium.obi.Unifier_TC012_SpaceManagementHistory"/>
  <testcase name="Unifier_SpaceManagementHistory_Space" time="3.481" classname="com.oracle.pgbu.selenium.obi.Unifier_TC012_SpaceManagementHistory"/>
  <testcase name="Unifier_SpaceManagementHistory_UnifierLinks" time="3.264" classname="com.oracle.pgbu.selenium.obi.Unifier_TC012_SpaceManagementHistory"/>
  <testcase name="Unifier_SpaceManagementHistory_Dimensions" time="26.632" classname="com.oracle.pgbu.selenium.obi.Unifier_TC012_SpaceManagementHistory">
    <failure type="java.lang.AssertionError" message="The following asserts failed:
Data missing for combination Time and Project Portfolio, Data missing for combination Project Hierarchy and Project, Data missing for combination Level and Space, Data missing for combination Space and Unifier Links">
      <![CDATA[java.lang.AssertionError: The following asserts failed:
Data missing for combination Time and Project Portfolio, Data missing for combination Project Hierarchy and Project, Data missing for combination Level and Space, Data missing for combination Space and Unifier Links
	at com.oracle.pgbu.selenium.obi.Unifier_TC012_SpaceManagementHistory.Unifier_SpaceManagementHistory_Dimensions(Unifier_TC012_SpaceManagementHistory.java:226)
... Removed 25 stack frames]]>
    </failure>
  </testcase> <!-- Unifier_SpaceManagementHistory_Dimensions -->
  <testcase name="Unifier_Workflow_Portfolio" time="4.488" classname="com.oracle.pgbu.selenium.obi.Unifier_TC013_Workflow"/>
  <testcase name="Unifier_Workflow_ProjectHierarchy" time="2.436" classname="com.oracle.pgbu.selenium.obi.Unifier_TC013_Workflow"/>
  <testcase name="Unifier_Workflow_Project" time="3.244" classname="com.oracle.pgbu.selenium.obi.Unifier_TC013_Workflow"/>
  <testcase name="Unifier_Workflow_BusinessProcess" time="3.278" classname="com.oracle.pgbu.selenium.obi.Unifier_TC013_Workflow"/>
  <testcase name="Unifier_Workflow_Space" time="3.286" classname="com.oracle.pgbu.selenium.obi.Unifier_TC013_Workflow"/>
  <testcase name="Unifier_Workflow_UnifierLinks" time="3.084" classname="com.oracle.pgbu.selenium.obi.Unifier_TC013_Workflow"/>
  <testcase name="Unifier_Workflow_Dimensions" time="17.764" classname="com.oracle.pgbu.selenium.obi.Unifier_TC013_Workflow"/>
</testsuite> <!-- OBI_SanityTest -->
