<?xml version="1.0" encoding="UTF-8"?>
<!-- Generated by org.testng.reporters.JUnitReportReporter -->
<testsuite hostname="JBEES-US" name="com.oracle.pgbu.selenium.obi.Unifier_TC004_CashFlowHistory" tests="8" failures="0" timestamp="4 Apr 2018 16:24:45 GMT" time="90.864" errors="1">
  <testcase name="Unifier_CashFlowHistory_Project" time="9.038" classname="com.oracle.pgbu.selenium.obi.Unifier_TC004_CashFlowHistory"/>
  <testcase name="Unifier_CashFlowHistory_CashFlow" time="5.751" classname="com.oracle.pgbu.selenium.obi.Unifier_TC004_CashFlowHistory"/>
  <testcase name="Unifier_CashFlowHistory_CBS" time="7.915" classname="com.oracle.pgbu.selenium.obi.Unifier_TC004_CashFlowHistory"/>
  <testcase name="Unifier_CashFlowHistory_UnifierLinks" time="6.866" classname="com.oracle.pgbu.selenium.obi.Unifier_TC004_CashFlowHistory"/>
  <testcase name="Unifier_CashFlowHistory_Time" time="11.252" classname="com.oracle.pgbu.selenium.obi.Unifier_TC004_CashFlowHistory"/>
  <testcase name="Unifier_CashFlowHistory_ProjectHierarchy" time="6.604" classname="com.oracle.pgbu.selenium.obi.Unifier_TC004_CashFlowHistory"/>
  <testcase name="Unifier_CashFlowHistory_Dimensions" time="37.865" classname="com.oracle.pgbu.selenium.obi.Unifier_TC004_CashFlowHistory">
    <error type="java.lang.AssertionError" message="The following asserts failed:
Data missing for combination Time and Project Portfolio">
      <![CDATA[java.lang.AssertionError: The following asserts failed:
Data missing for combination Time and Project Portfolio
	at org.testng.asserts.SoftAssert.assertAll(SoftAssert.java:38)
	at com.oracle.pgbu.selenium.obi.Unifier_TC004_CashFlowHistory.Unifier_CashFlowHistory_Dimensions(Unifier_TC004_CashFlowHistory.java:221)
	at sun.reflect.NativeMethodAccessorImpl.invoke0(Native Method)
	at sun.reflect.NativeMethodAccessorImpl.invoke(Unknown Source)
	at sun.reflect.DelegatingMethodAccessorImpl.invoke(Unknown Source)
	at java.lang.reflect.Method.invoke(Unknown Source)
	at org.testng.internal.MethodInvocationHelper.invokeMethod(MethodInvocationHelper.java:84)
	at org.testng.internal.Invoker.invokeMethod(Invoker.java:714)
	at org.testng.internal.Invoker.invokeTestMethod(Invoker.java:901)
	at org.testng.internal.Invoker.invokeTestMethods(Invoker.java:1231)
	at org.testng.internal.TestMethodWorker.invokeTestMethods(TestMethodWorker.java:127)
	at org.testng.internal.TestMethodWorker.run(TestMethodWorker.java:111)
	at org.testng.TestRunner.privateRun(TestRunner.java:767)
	at org.testng.TestRunner.run(TestRunner.java:617)
	at org.testng.SuiteRunner.runTest(SuiteRunner.java:334)
	at org.testng.SuiteRunner.runSequentially(SuiteRunner.java:329)
	at org.testng.SuiteRunner.privateRun(SuiteRunner.java:291)
	at org.testng.SuiteRunner.run(SuiteRunner.java:240)
	at org.testng.SuiteRunnerWorker.runSuite(SuiteRunnerWorker.java:52)
	at org.testng.SuiteRunnerWorker.run(SuiteRunnerWorker.java:86)
	at org.testng.TestNG.runSuitesSequentially(TestNG.java:1224)
	at org.testng.TestNG.runSuitesLocally(TestNG.java:1149)
	at org.testng.TestNG.run(TestNG.java:1057)
	at org.testng.remote.AbstractRemoteTestNG.run(AbstractRemoteTestNG.java:114)
	at org.testng.remote.RemoteTestNG.initAndRun(RemoteTestNG.java:251)
	at org.testng.remote.RemoteTestNG.main(RemoteTestNG.java:77)
]]>
    </error>
  </testcase> <!-- Unifier_CashFlowHistory_Dimensions -->
  <testcase name="Unifier_CashFlowHistory_Portfolio" time="5.573" classname="com.oracle.pgbu.selenium.obi.Unifier_TC004_CashFlowHistory"/>
</testsuite> <!-- com.oracle.pgbu.selenium.obi.Unifier_TC004_CashFlowHistory -->
