<?xml version="1.0" encoding="UTF-8"?>
<!-- Generated by org.testng.reporters.JUnitReportReporter -->
<testsuite hostname="JBEES-US" name="com.oracle.pgbu.selenium.obi.Unifier_TC007_GenericCostSheet" tests="7" failures="0" timestamp="4 Apr 2018 16:24:45 GMT" time="69.815" errors="2">
  <testcase name="Unifier_GenericCostSheet_Portfolio" time="5.679" classname="com.oracle.pgbu.selenium.obi.Unifier_TC007_GenericCostSheet"/>
  <testcase name="Unifier_GenericCostSheet_CostManagerSheet" time="7.247" classname="com.oracle.pgbu.selenium.obi.Unifier_TC007_GenericCostSheet">
    <error type="java.lang.AssertionError" message="The following asserts failed:
Data missing for Cost Manager Sheet">
      <![CDATA[java.lang.AssertionError: The following asserts failed:
Data missing for Cost Manager Sheet
	at org.testng.asserts.SoftAssert.assertAll(SoftAssert.java:38)
	at com.oracle.pgbu.selenium.obi.Unifier_TC007_GenericCostSheet.Unifier_GenericCostSheet_CostManagerSheet(Unifier_TC007_GenericCostSheet.java:153)
	at sun.reflect.NativeMethodAccessorImpl.invoke0(Native Method)
	at sun.reflect.NativeMethodAccessorImpl.invoke(Unknown Source)
	at sun.reflect.DelegatingMethodAccessorImpl.invoke(Unknown Source)
	at java.lang.reflect.Method.invoke(Unknown Source)
	at org.testng.internal.MethodInvocationHelper.invokeMethod(MethodInvocationHelper.java:84)
	at org.testng.internal.Invoker.invokeMethod(Invoker.java:714)
	at org.testng.internal.Invoker.invokeTestMethod(Invoker.java:901)
	at org.testng.internal.Invoker.invokeTestMethods(Invoker.java:1231)
	at org.testng.internal.TestMethodWorker.invokeTestMethods(TestMethodWorker.java:127)
	at org.testng.internal.TestMethodWorker.run(TestMethodWorker.java:111)
	at org.testng.TestRunner.privateRun(TestRunner.java:767)
	at org.testng.TestRunner.run(TestRunner.java:617)
	at org.testng.SuiteRunner.runTest(SuiteRunner.java:334)
	at org.testng.SuiteRunner.runSequentially(SuiteRunner.java:329)
	at org.testng.SuiteRunner.privateRun(SuiteRunner.java:291)
	at org.testng.SuiteRunner.run(SuiteRunner.java:240)
	at org.testng.SuiteRunnerWorker.runSuite(SuiteRunnerWorker.java:52)
	at org.testng.SuiteRunnerWorker.run(SuiteRunnerWorker.java:86)
	at org.testng.TestNG.runSuitesSequentially(TestNG.java:1224)
	at org.testng.TestNG.runSuitesLocally(TestNG.java:1149)
	at org.testng.TestNG.run(TestNG.java:1057)
	at org.testng.remote.AbstractRemoteTestNG.run(AbstractRemoteTestNG.java:114)
	at org.testng.remote.RemoteTestNG.initAndRun(RemoteTestNG.java:251)
	at org.testng.remote.RemoteTestNG.main(RemoteTestNG.java:77)
]]>
    </error>
  </testcase> <!-- Unifier_GenericCostSheet_CostManagerSheet -->
  <testcase name="Unifier_GenericCostSheet_Dimensions" time="24.733" classname="com.oracle.pgbu.selenium.obi.Unifier_TC007_GenericCostSheet">
    <error type="java.lang.AssertionError" message="The following asserts failed:
Data missing for combination Time and Project Portfolio, Data missing for combination Cost Code and Cost Manager Sheet, Data missing for combination Project Hierarchy and Project">
      <![CDATA[java.lang.AssertionError: The following asserts failed:
Data missing for combination Time and Project Portfolio, Data missing for combination Cost Code and Cost Manager Sheet, Data missing for combination Project Hierarchy and Project
	at org.testng.asserts.SoftAssert.assertAll(SoftAssert.java:38)
	at com.oracle.pgbu.selenium.obi.Unifier_TC007_GenericCostSheet.Unifier_GenericCostSheet_Dimensions(Unifier_TC007_GenericCostSheet.java:203)
	at sun.reflect.NativeMethodAccessorImpl.invoke0(Native Method)
	at sun.reflect.NativeMethodAccessorImpl.invoke(Unknown Source)
	at sun.reflect.DelegatingMethodAccessorImpl.invoke(Unknown Source)
	at java.lang.reflect.Method.invoke(Unknown Source)
	at org.testng.internal.MethodInvocationHelper.invokeMethod(MethodInvocationHelper.java:84)
	at org.testng.internal.Invoker.invokeMethod(Invoker.java:714)
	at org.testng.internal.Invoker.invokeTestMethod(Invoker.java:901)
	at org.testng.internal.Invoker.invokeTestMethods(Invoker.java:1231)
	at org.testng.internal.TestMethodWorker.invokeTestMethods(TestMethodWorker.java:127)
	at org.testng.internal.TestMethodWorker.run(TestMethodWorker.java:111)
	at org.testng.TestRunner.privateRun(TestRunner.java:767)
	at org.testng.TestRunner.run(TestRunner.java:617)
	at org.testng.SuiteRunner.runTest(SuiteRunner.java:334)
	at org.testng.SuiteRunner.runSequentially(SuiteRunner.java:329)
	at org.testng.SuiteRunner.privateRun(SuiteRunner.java:291)
	at org.testng.SuiteRunner.run(SuiteRunner.java:240)
	at org.testng.SuiteRunnerWorker.runSuite(SuiteRunnerWorker.java:52)
	at org.testng.SuiteRunnerWorker.run(SuiteRunnerWorker.java:86)
	at org.testng.TestNG.runSuitesSequentially(TestNG.java:1224)
	at org.testng.TestNG.runSuitesLocally(TestNG.java:1149)
	at org.testng.TestNG.run(TestNG.java:1057)
	at org.testng.remote.AbstractRemoteTestNG.run(AbstractRemoteTestNG.java:114)
	at org.testng.remote.RemoteTestNG.initAndRun(RemoteTestNG.java:251)
	at org.testng.remote.RemoteTestNG.main(RemoteTestNG.java:77)
]]>
    </error>
  </testcase> <!-- Unifier_GenericCostSheet_Dimensions -->
  <testcase name="Unifier_GenericCostSheet_Project" time="9.186" classname="com.oracle.pgbu.selenium.obi.Unifier_TC007_GenericCostSheet"/>
  <testcase name="Unifier_GenericCostSheet_ProjectHierarchy" time="7.823" classname="com.oracle.pgbu.selenium.obi.Unifier_TC007_GenericCostSheet"/>
  <testcase name="Unifier_GenericCostSheet_Time" time="8.295" classname="com.oracle.pgbu.selenium.obi.Unifier_TC007_GenericCostSheet"/>
  <testcase name="Unifier_GenericCostSheet_CostCode" time="6.852" classname="com.oracle.pgbu.selenium.obi.Unifier_TC007_GenericCostSheet"/>
</testsuite> <!-- com.oracle.pgbu.selenium.obi.Unifier_TC007_GenericCostSheet -->
