<?xml version="1.0" encoding="UTF-8"?>
<!-- Generated by org.testng.reporters.JUnitReportReporter -->
<testsuite hostname="JBEES-US" name="com.oracle.pgbu.selenium.obi.Unifier_TC003_CashFlow" tests="8" failures="0" timestamp="4 Apr 2018 16:24:45 GMT" time="77.566" errors="1">
  <testcase name="Unifier_CashFlow_UnifierLinks" time="6.484" classname="com.oracle.pgbu.selenium.obi.Unifier_TC003_CashFlow"/>
  <testcase name="Unifier_CashFlow_CBS" time="6.585" classname="com.oracle.pgbu.selenium.obi.Unifier_TC003_CashFlow"/>
  <testcase name="Unifier_CashFlow_Project" time="7.187" classname="com.oracle.pgbu.selenium.obi.Unifier_TC003_CashFlow"/>
  <testcase name="Unifier_CashFlow_Time" time="8.218" classname="com.oracle.pgbu.selenium.obi.Unifier_TC003_CashFlow"/>
  <testcase name="Unifier_CashFlow_CashFlow" time="6.238" classname="com.oracle.pgbu.selenium.obi.Unifier_TC003_CashFlow"/>
  <testcase name="Unifier_CashFlow_Portfolio" time="4.869" classname="com.oracle.pgbu.selenium.obi.Unifier_TC003_CashFlow"/>
  <testcase name="Unifier_CashFlow_Dimensions" time="31.025" classname="com.oracle.pgbu.selenium.obi.Unifier_TC003_CashFlow">
    <error type="java.lang.AssertionError" message="The following asserts failed:
Data missing for combination Time and Project Portfolio">
      <![CDATA[java.lang.AssertionError: The following asserts failed:
Data missing for combination Time and Project Portfolio
	at org.testng.asserts.SoftAssert.assertAll(SoftAssert.java:38)
	at com.oracle.pgbu.selenium.obi.Unifier_TC003_CashFlow.Unifier_CashFlow_Dimensions(Unifier_TC003_CashFlow.java:221)
	at sun.reflect.NativeMethodAccessorImpl.invoke0(Native Method)
	at sun.reflect.NativeMethodAccessorImpl.invoke(Unknown Source)
	at sun.reflect.DelegatingMethodAccessorImpl.invoke(Unknown Source)
	at java.lang.reflect.Method.invoke(Unknown Source)
	at org.testng.internal.MethodInvocationHelper.invokeMethod(MethodInvocationHelper.java:84)
	at org.testng.internal.Invoker.invokeMethod(Invoker.java:714)
	at org.testng.internal.Invoker.invokeTestMethod(Invoker.java:901)
	at org.testng.internal.Invoker.invokeTestMethods(Invoker.java:1231)
	at org.testng.internal.TestMethodWorker.invokeTestMethods(TestMethodWorker.java:127)
	at org.testng.internal.TestMethodWorker.run(TestMethodWorker.java:111)
	at org.testng.TestRunner.privateRun(TestRunner.java:767)
	at org.testng.TestRunner.run(TestRunner.java:617)
	at org.testng.SuiteRunner.runTest(SuiteRunner.java:334)
	at org.testng.SuiteRunner.runSequentially(SuiteRunner.java:329)
	at org.testng.SuiteRunner.privateRun(SuiteRunner.java:291)
	at org.testng.SuiteRunner.run(SuiteRunner.java:240)
	at org.testng.SuiteRunnerWorker.runSuite(SuiteRunnerWorker.java:52)
	at org.testng.SuiteRunnerWorker.run(SuiteRunnerWorker.java:86)
	at org.testng.TestNG.runSuitesSequentially(TestNG.java:1224)
	at org.testng.TestNG.runSuitesLocally(TestNG.java:1149)
	at org.testng.TestNG.run(TestNG.java:1057)
	at org.testng.remote.AbstractRemoteTestNG.run(AbstractRemoteTestNG.java:114)
	at org.testng.remote.RemoteTestNG.initAndRun(RemoteTestNG.java:251)
	at org.testng.remote.RemoteTestNG.main(RemoteTestNG.java:77)
]]>
    </error>
  </testcase> <!-- Unifier_CashFlow_Dimensions -->
  <testcase name="Unifier_CashFlow_ProjectHierarchy" time="6.960" classname="com.oracle.pgbu.selenium.obi.Unifier_TC003_CashFlow"/>
</testsuite> <!-- com.oracle.pgbu.selenium.obi.Unifier_TC003_CashFlow -->
